d:\projects\opengl\opengl\x64\debug\vc143.pdb
d:\projects\opengl\opengl\x64\debug\vc143.idb
d:\projects\opengl\opengl\x64\debug\uphysic.obj
d:\projects\opengl\opengl\x64\debug\uimgui.obj
d:\projects\opengl\opengl\x64\debug\main.obj
d:\projects\opengl\opengl\x64\debug\imgui_impl_opengl3.obj
d:\projects\opengl\opengl\x64\debug\imgui_impl_glut.obj
d:\projects\opengl\x64\debug\opengl.exe
d:\projects\opengl\x64\debug\opengl.pdb
d:\projects\opengl\x64\debug\freeglutd.dll
d:\projects\opengl\x64\debug\glew32d.dll
d:\projects\opengl\opengl\x64\debug\opengl.ilk
d:\projects\opengl\opengl\x64\debug\opengl.tlog\cl.command.1.tlog
d:\projects\opengl\opengl\x64\debug\opengl.tlog\cl.items.tlog
d:\projects\opengl\opengl\x64\debug\opengl.tlog\cl.read.1.tlog
d:\projects\opengl\opengl\x64\debug\opengl.tlog\cl.write.1.tlog
d:\projects\opengl\opengl\x64\debug\opengl.tlog\link.command.1.tlog
d:\projects\opengl\opengl\x64\debug\opengl.tlog\link.read.1.tlog
d:\projects\opengl\opengl\x64\debug\opengl.tlog\link.secondary.1.tlog
d:\projects\opengl\opengl\x64\debug\opengl.tlog\link.write.1.tlog
d:\projects\opengl\opengl\x64\debug\opengl.tlog\opengl.write.1u.tlog
